[23:04:54] [main/INFO]: Environment: authHost='https://authserver.mojang.com', accountsHost='https://api.mojang.com', sessionHost='https://sessionserver.mojang.com', servicesHost='https://api.minecraftservices.com', name='PROD'
[23:04:55] [main/WARN]: Ambiguity between arguments [teleport, destination] and [teleport, targets] with inputs: [Player, 0123, @e, dd12be42-52a9-4a91-a8a1-11c01849e498]
[23:04:55] [main/WARN]: Ambiguity between arguments [teleport, location] and [teleport, destination] with inputs: [0.1 -0.5 .9, 0 0 0]
[23:04:55] [main/WARN]: Ambiguity between arguments [teleport, location] and [teleport, targets] with inputs: [0.1 -0.5 .9, 0 0 0]
[23:04:55] [main/WARN]: Ambiguity between arguments [teleport, targets] and [teleport, destination] with inputs: [Player, 0123, dd12be42-52a9-4a91-a8a1-11c01849e498]
[23:04:55] [main/WARN]: Ambiguity between arguments [teleport, targets, location] and [teleport, targets, destination] with inputs: [0.1 -0.5 .9, 0 0 0]
[23:04:55] [main/INFO]: Reloading ResourceManager: Default
[23:04:58] [Worker-Main-2/INFO]: Loaded 7 recipes
[23:04:58] [Worker-Main-2/INFO]: Loaded 927 advancements
[23:05:02] [Server thread/INFO]: Starting minecraft server version 1.16.5
[23:05:02] [Server thread/INFO]: Loading properties
[23:05:02] [Server thread/INFO]: Default game type: SURVIVAL
[23:05:02] [Server thread/INFO]: Generating keypair
[23:05:03] [Server thread/INFO]: Starting Minecraft server on *:25565
[23:05:03] [Server thread/INFO]: Using epoll channel type
[23:05:03] [Server thread/WARN]: **** SERVER IS RUNNING IN OFFLINE/INSECURE MODE!
[23:05:03] [Server thread/WARN]: The server will make no attempt to authenticate usernames. Beware.
[23:05:03] [Server thread/WARN]: While this makes the game possible to play without internet access, it also opens up the ability for hackers to connect with any username they choose.
[23:05:03] [Server thread/WARN]: To change this, set "online-mode" to "true" in the server.properties file.
[23:05:04] [Server thread/INFO]: Preparing level "world"
[23:05:04] [Server thread/INFO]: Preparing start region for dimension minecraft:overworld
[23:05:09] [Server thread/INFO]: Preparing spawn area: 0%
[23:05:09] [Server thread/INFO]: Preparing spawn area: 0%
[23:05:09] [Server thread/INFO]: Preparing spawn area: 0%
[23:05:09] [Server thread/INFO]: Preparing spawn area: 0%
[23:05:09] [Server thread/INFO]: Preparing spawn area: 0%
[23:05:09] [Server thread/INFO]: Preparing spawn area: 0%
[23:05:09] [Server thread/INFO]: Preparing spawn area: 0%
[23:05:09] [Server thread/INFO]: Preparing spawn area: 0%
[23:05:09] [Server thread/INFO]: Preparing spawn area: 0%
[23:05:09] [Server thread/INFO]: Preparing spawn area: 0%
[23:05:09] [Worker-Main-2/INFO]: Preparing spawn area: 0%
[23:05:10] [Server thread/INFO]: Preparing spawn area: 7%
[23:05:10] [Server thread/INFO]: Preparing spawn area: 79%
[23:05:11] [Server thread/INFO]: Time elapsed: 7111 ms
[23:05:11] [Server thread/INFO]: Done (7.423s)! For help, type "help"
[23:07:25] [Server thread/INFO]: m4rtin015sep[/127.15.246.136:45045] logged in with entity id 149 at (368.3372692497574, 68.0, -372.62079593478484)
[23:07:25] [Server thread/INFO]: m4rtin015sep joined the game
[23:20:05] [Server thread/INFO]: KNISPEL_[/127.251.45.86:48127] logged in with entity id 1892 at (430.9962497415617, 107.0, -89.22836367777732)
[23:20:05] [Server thread/INFO]: KNISPEL_ joined the game
[23:20:12] [Server thread/INFO]: <KNISPEL_> buenas
[23:21:10] [Server thread/INFO]: <m4rtin015sep> wena hno
[23:22:26] [Server thread/INFO]: KNISPEL_ lost connection: Disconnected
[23:22:26] [Server thread/INFO]: KNISPEL_ left the game
[23:23:24] [Server thread/INFO]: KNISPEL_[/127.251.45.86:39515] logged in with entity id 2629 at (431.0959982329506, 107.0, -89.62420185059989)
[23:23:24] [Server thread/INFO]: KNISPEL_ joined the game
[23:23:29] [Server thread/INFO]: <KNISPEL_> buenas
[23:23:34] [Server thread/INFO]: <m4rtin015sep> buenas
[23:23:36] [Server thread/INFO]: <m4rtin015sep> ajajaj
[23:24:03] [Server thread/INFO]: <KNISPEL_> voy a abrir de nuevo
[23:24:07] [Server thread/INFO]: <KNISPEL_> no escucho nada
[23:24:09] [Server thread/INFO]: KNISPEL_ lost connection: Disconnected
[23:24:09] [Server thread/INFO]: KNISPEL_ left the game
